<?xml version="1.0" encoding="UTF-8"?>
<!-- Generated by org.testng.reporters.JUnitXMLReporter -->
<testsuite hostname="acer" ignored="1" name="Test" tests="1" failures="0" timestamp="21 Apr 2020 10:17:10 GMT" time="0.133" errors="0">
  <testcase name="@BeforeClass setup" time="0.0" classname="com.framework.pages.BaseClass">
    <failure type="org.testng.TestNGException" message="
Parameter &amp;apos;browser&amp;apos; is required by BeforeClass on method setup but has not been marked @Optional or defined
in C:\Users\acer a\git\FrWork\Framework\XMLfiles\testng.xml">
      <![CDATA[org.testng.TestNGException: 
Parameter 'browser' is required by BeforeClass on method setup but has not been marked @Optional or defined
in C:\Users\acer a\git\FrWork\Framework\XMLfiles\testng.xml
... Removed 22 stack frames]]>
    </failure>
  </testcase> <!-- @BeforeClass setup -->
  <testcase name="@AfterClass tearDown" time="0.0" classname="com.framework.pages.BaseClass">
    <skipped/>
  </testcase> <!-- @AfterClass tearDown -->
  <testcase name="LoginToApp" time="0.0" classname="com.framework.testcases.AppLogin">
    <skipped/>
  </testcase> <!-- LoginToApp -->
  <testcase name="@BeforeSuite setupSuite" time="0.0" classname="com.framework.pages.BaseClass">
    <ignored/>
  </testcase> <!-- @BeforeSuite setupSuite -->
</testsuite> <!-- Test -->
